#-----------------------------------------------------------
# Vivado v2024.2 (64-bit)
# SW Build 5239630 on Fri Nov 08 22:35:27 MST 2024
# IP Build 5239520 on Sun Nov 10 16:12:51 MST 2024
# SharedData Build 5239561 on Fri Nov 08 14:39:27 MST 2024
# Start of session at: Wed Jul 30 16:44:17 2025
# Process ID         : 12832
# Current directory  : C:/Users/Acer/Desktop/Verilog Projects/Sequence_Detector
# Command line       : vivado.exe -gui_launcher_event rodinguilauncherevent592 C:\Users\Acer\Desktop\Verilog Projects\Sequence_Detector\Sequence_Detector.xpr
# Log file           : C:/Users/Acer/Desktop/Verilog Projects/Sequence_Detector/vivado.log
# Journal file       : C:/Users/Acer/Desktop/Verilog Projects/Sequence_Detector\vivado.jou
# Running On         : LAPTOP-PK7J2HVP
# Platform           : Windows Server 2016 or Windows 10
# Operating System   : 22631
# Processor Detail   : 13th Gen Intel(R) Core(TM) i5-13420H
# CPU Frequency      : 2611 MHz
# CPU Physical cores : 8
# CPU Logical cores  : 12
# Host memory        : 16869 MB
# Swap memory        : 2550 MB
# Total Virtual      : 19419 MB
# Available Virtual  : 7536 MB
#-----------------------------------------------------------
start_gui
open_project {C:/Users/Acer/Desktop/Verilog Projects/Sequence_Detector/Sequence_Detector.xpr}
INFO: [filemgmt 56-3] Default IP Output Path : Could not find the directory 'C:/Users/Acer/Desktop/Verilog Projects/Sequence_Detector/Sequence_Detector.gen/sources_1'.
Scanning sources...
Finished scanning sources
INFO: [IP_Flow 19-234] Refreshing IP repositories
INFO: [IP_Flow 19-1704] No user IP repositories specified
INFO: [IP_Flow 19-2313] Loaded Vivado IP repository 'D:/Vivado/2024.2/data/ip'.
open_project: Time (s): cpu = 00:00:03 ; exit
INFO: [Common 17-206] Exiting Vivado at Wed Jul 30 16:44:49 2025...
NFO: [Common 17-206] Exiting Vivado at Wed Jul 30 16:44:45 2025...
